2019-11-24 09:29:27: New file detected (sample.pdf). Original size: 3028 --- Zipped size: 950 --- Compression: 68.6200%
2019-11-24 09:30:57: New file detected (sample.pdf). Original size: 3028 --- Zipped size: 950 --- Compression: 68.6200%
2019-11-24 09:31:28: New file detected (README.md). Original size: 63 --- Zipped size: 80 --- Compression: -26.9800%
2019-11-24 09:44:35: New file detected (116470753Helsinki.png). Original size: 334526 --- Zipped size: 322136 --- Compression: 3.7000%
2019-11-24 09:44:50: New file detected (047555874_Helsinki.png). Original size: 334526 --- Zipped size: 322137 --- Compression: 3.7000%
2019-11-24 09:46:39: New file detected (682867260_Helsinki.png). Original size: 334526 --- Zipped size: 322137 --- Compression: 3.7000%
2019-11-24 09:52:59: New file detected (402256486_Helsinki.png). Original size: 669052 --- Zipped size: 644304 --- Compression: 3.6900%
2019-11-24 09:53:42: New file detected (639616557_Helsinki.png). Original size: 669052 --- Zipped size: 644304 --- Compression: 3.6900%
2019-11-24 09:54:04: New file detected (792627290_Helsinki.png). Original size: 669052 --- Zipped size: 644304 --- Compression: 3.6900%
2019-11-24 09:54:30: New file detected (707354075_Helsinki.png). Original size: 669052 --- Zipped size: 644304 --- Compression: 3.6900%
2019-11-24 09:55:37: New file detected (215872943_Helsinki.png). Original size: 669052 --- Zipped size: 644304 --- Compression: 3.6900%
2019-11-24 10:02:43: New file detected (452121340_Calif.png). Original size: 609522 --- Zipped size: 582220 --- Compression: 4.4700%
2019-11-24 10:12:41: New file detected (562422306_MIT.png). Original size: 623296 --- Zipped size: 595356 --- Compression: 4.4800%
2019-11-24 10:27:34: New file detected (868716018_Network Monitoring For Dummies 2nd SolarWinds Special Edition.pdf). Original size: 5459726 --- Zipped size: 4956598 --- Compression: 9.2100%
2019-11-24 10:28:33: New file detected (019319465_Raspberry_Pi_Monitoring.pdf). Original size: 11825300 --- Zipped size: 9756080 --- Compression: 17.4900%
2019-11-24 10:32:50: New file detected (121415867_Index.hu.png). Original size: 530636 --- Zipped size: 501946 --- Compression: 5.4000%
2019-11-24 11:17:21: New file detected (807983275_dragonblood.pdf). Original size: 1938442 --- Zipped size: 1761832 --- Compression: 9.1100%
2019-11-24 11:21:04: New file detected (495523342_MIT.png). Original size: 623296 --- Zipped size: 595356 --- Compression: 4.4800%
2019-11-24 11:36:57: New file detected (603307522_MIT.png). Original size: 623296 --- Zipped size: 595356 --- Compression: 4.4800%
2019-11-24 11:43:57: New file detected (769040076_Raspberry_Pi_Monitoring.pdf). Original size: 1056768 --- Zipped size: 9756080 --- Compression: -823.1900%
2019-11-24 11:44:20: New file detected (717140923_App.py). Original size: 6872 --- Zipped size: 1306 --- Compression: 80.9900%
