2019-11-24 12:09:14: New file detected (995835586_big.txt). Original size: 86016 --- Zipped size: 4743721 --- Compression: -5414.9200%
2019-11-24 12:10:00: New file detected (154407225_sample.pdf). Original size: 6056 --- Zipped size: 996 --- Compression: 83.5500%
2019-11-24 12:10:05: New file detected (770671940_big.txt). Original size: 0 --- Zipped size: 4743721 --- Compression: %
2019-11-24 12:11:44: New file detected (907233235_big.txt). Original size: 12977332 --- Zipped size: 4743721 --- Compression: 63.4400%
2019-11-24 12:12:59: New file detected (asd.txt). Original size: 46 --- Zipped size: 56 --- Compression: -21.7300%
2019-11-24 12:13:34: New file detected (asd1.txt). Original size: 46 --- Zipped size: 57 --- Compression: -23.9100%
2019-11-24 12:13:34: New file detected (asd3.txt). Original size: 46 --- Zipped size: 57 --- Compression: -23.9100%
2019-11-24 12:13:35: New file detected (asd5.txt). Original size: 46 --- Zipped size: 57 --- Compression: -23.9100%
2019-11-24 12:13:35: New file detected (asd7.txt). Original size: 46 --- Zipped size: 57 --- Compression: -23.9100%
2019-11-24 12:13:36: New file detected (asd9.txt). Original size: 46 --- Zipped size: 57 --- Compression: -23.9100%
2019-11-24 12:13:47: New file detected (asd1.txt). Original size: 46 --- Zipped size: 57 --- Compression: -23.9100%
2019-11-24 12:13:48: New file detected (asd2.txt). Original size: 46 --- Zipped size: 57 --- Compression: -23.9100%
2019-11-24 12:13:48: New file detected (asd4.txt). Original size: 46 --- Zipped size: 57 --- Compression: -23.9100%
2019-11-24 12:13:49: New file detected (asd8.txt). Original size: 46 --- Zipped size: 57 --- Compression: -23.9100%
2019-11-24 12:14:02: New file detected (asd1.txt). Original size: 46 --- Zipped size: 57 --- Compression: -23.9100%
2019-11-24 12:14:02: New file detected (asd2.txt). Original size: 46 --- Zipped size: 57 --- Compression: -23.9100%
2019-11-24 12:14:03: New file detected (asd3.txt). Original size: 46 --- Zipped size: 57 --- Compression: -23.9100%
2019-11-24 12:14:04: New file detected (asd4.txt). Original size: 46 --- Zipped size: 57 --- Compression: -23.9100%
2019-11-24 12:14:04: New file detected (asd5.txt). Original size: 46 --- Zipped size: 57 --- Compression: -23.9100%
2019-11-24 12:14:05: New file detected (asd6.txt). Original size: 46 --- Zipped size: 57 --- Compression: -23.9100%
2019-11-24 12:14:05: New file detected (asd7.txt). Original size: 46 --- Zipped size: 57 --- Compression: -23.9100%
2019-11-24 12:14:06: New file detected (asd8.txt). Original size: 46 --- Zipped size: 57 --- Compression: -23.9100%
2019-11-24 12:14:06: New file detected (asd9.txt). Original size: 46 --- Zipped size: 57 --- Compression: -23.9100%
2019-11-24 12:14:07: New file detected (asd10.txt). Original size: 47 --- Zipped size: 59 --- Compression: -25.5300%
2019-11-24 12:14:07: New file detected (asd11.txt). Original size: 47 --- Zipped size: 59 --- Compression: -25.5300%
2019-11-24 12:14:08: New file detected (asd12.txt). Original size: 47 --- Zipped size: 59 --- Compression: -25.5300%
2019-11-24 12:14:08: New file detected (asd13.txt). Original size: 47 --- Zipped size: 59 --- Compression: -25.5300%
2019-11-24 12:14:09: New file detected (asd14.txt). Original size: 47 --- Zipped size: 59 --- Compression: -25.5300%
2019-11-24 12:14:09: New file detected (asd15.txt). Original size: 47 --- Zipped size: 59 --- Compression: -25.5300%
2019-11-24 12:14:10: New file detected (asd16.txt). Original size: 47 --- Zipped size: 59 --- Compression: -25.5300%
2019-11-24 12:14:11: New file detected (asd17.txt). Original size: 47 --- Zipped size: 59 --- Compression: -25.5300%
2019-11-24 12:14:11: New file detected (asd18.txt). Original size: 47 --- Zipped size: 59 --- Compression: -25.5300%
2019-11-24 12:14:12: New file detected (asd19.txt). Original size: 47 --- Zipped size: 59 --- Compression: -25.5300%
2019-11-24 12:14:12: New file detected (asd20.txt). Original size: 47 --- Zipped size: 59 --- Compression: -25.5300%
2019-11-24 12:17:00: New file detected (asd1.txt). Original size: 94 --- Zipped size: 59 --- Compression: 37.2300%
2019-11-24 12:17:00: New file detected (asd2.txt). Original size: 94 --- Zipped size: 59 --- Compression: 37.2300%
2019-11-24 12:17:00: New file detected (asd3.txt). Original size: 94 --- Zipped size: 59 --- Compression: 37.2300%
2019-11-24 12:17:00: New file detected (asd4.txt). Original size: 94 --- Zipped size: 59 --- Compression: 37.2300%
2019-11-24 12:17:00: New file detected (asd5.txt). Original size: 94 --- Zipped size: 59 --- Compression: 37.2300%
2019-11-24 12:17:00: New file detected (asd6.txt). Original size: 94 --- Zipped size: 59 --- Compression: 37.2300%
2019-11-24 12:17:00: New file detected (asd7.txt). Original size: 94 --- Zipped size: 59 --- Compression: 37.2300%
2019-11-24 12:17:00: New file detected (asd8.txt). Original size: 94 --- Zipped size: 59 --- Compression: 37.2300%
2019-11-24 12:17:00: New file detected (asd9.txt). Original size: 94 --- Zipped size: 59 --- Compression: 37.2300%
2019-11-24 12:17:00: New file detected (asd10.txt). Original size: 95 --- Zipped size: 61 --- Compression: 35.7800%
2019-11-24 12:17:24: New file detected (452652310_sample.pdf). Original size: 6056 --- Zipped size: 996 --- Compression: 83.5500%
2019-11-24 12:17:43: New file detected (167338877_big.txt). Original size: 3162112 --- Zipped size: 4743721 --- Compression: -50.0100%
2019-11-24 12:18:00: New file detected (452629688_big.txt). Original size: 4325376 --- Zipped size: 4743721 --- Compression: -9.6700%
2019-11-24 12:18:13: New file detected (167159991_big.txt). Original size: 12977332 --- Zipped size: 4743721 --- Compression: 63.4400%
2019-11-24 12:19:51: New file detected (879654570_LICENSE). Original size: 70298 --- Zipped size: 23002 --- Compression: 67.2700%
2019-12-14 17:11:35: New file detected (Mark Manson - Models A Comprehensive Guide to Attracting Women.epub438726780). Original size: 856064 --- Zipped size: 852836 --- Compression: .3700%
2019-12-14 17:25:11: New file detected (MasterThesis-FlorianAkosSzabo.pdf845334759). Original size:  --- Zipped size:  --- Compression: %
2019-12-14 17:27:47: New file detected (MasterThesis-FlorianAkosSzabo.pdf577064310). Original size: 0 --- Zipped size: 63 --- Compression: %
2019-12-14 17:30:31: New file detected (IBAN Florian Szabo.pdf282528861). Original size: 611734 --- Zipped size: 461790 --- Compression: 24.5100%
2019-12-14 17:31:50: New file detected (Quantum_Arch.drawio130719256). Original size: 9694 --- Zipped size: 3833 --- Compression: 60.4600%
2019-12-14 17:33:13: New file detected (MasterThesis-FlorianAkosSzabo.pdf079625479). Original size: 0 --- Zipped size: 63 --- Compression: %
2019-12-14 17:33:34: New file detected (MasterThesis-FlorianAkosSzabo.pdf592583354). Original size: 0 --- Zipped size: 63 --- Compression: %
2019-12-14 17:33:49: New file detected (Cermakova Internet Speeds.png516923601). Original size: 65476 --- Zipped size: 59018 --- Compression: 9.8600%
2019-12-14 17:34:06: New file detected (NEU.70.Florian.Akos.Szabo.pdf832115196). Original size: 954368 --- Zipped size: 808996 --- Compression: 15.2300%
2019-12-14 17:37:56: New file detected (copyproxy.zip141081385). Original size: 4166 --- Zipped size: 2078 --- Compression: 50.1200%
2019-12-14 17:39:26: New file detected (Habits - Mark Manson.pdf081372954). Original size: 0 --- Zipped size: 54 --- Compression: %
2019-12-14 17:40:09: New file detected (ChangingNatureOfWork.pdf930817884). Original size: 0 --- Zipped size: 54 --- Compression: %
2019-12-14 17:40:29: New file detected (PoW_arch.drawio063477515). Original size: 6838 --- Zipped size: 2729 --- Compression: 60.0900%
2019-12-14 17:40:58: New file detected (big.txt.gz). Original size: 2372133 --- Zipped size: 2372527 --- Compression: -.0100%
2019-12-14 17:41:28: New file detected (Raspberry_Pi_Monitoring.pdf). Original size: 0 --- Zipped size: 48 --- Compression: %
2019-12-14 17:41:30: New file detected (Raspberry_Pi_Monitoring.pdf). Original size: 5912650 --- Zipped size: 4878064 --- Compression: 17.4900%
2019-12-14 18:00:03: New file detected (PoW_arch (1).drawio). Original size: 3539 --- Zipped size: 2769 --- Compression: 21.7500%
2019-12-14 18:01:06: New file detected (MasterThesis-FlorianAkosSzabo.pdf). Original size: 2268441 --- Zipped size: 2066866 --- Compression: 8.8800%
2019-12-14 18:01:37: New file detected (ChangingNatureOfWork.pdf). Original size: 7909376 --- Zipped size: 7789041 --- Compression: 1.5200%
2019-12-14 18:13:04: New file detected (iot slide pieces.drawio). Original size: 2190 --- Zipped size: 1749 --- Compression: 20.1300%
2019-12-14 18:13:14: New file detected (Java-Mini-Project.pptx). Original size: 1368064 --- Zipped size: 1352956 --- Compression: 1.1000%
2019-12-14 18:13:26: New file detected (ChangingNatureOfWork.pdf). Original size: 9469952 --- Zipped size: 9316667 --- Compression: 1.6100%
2019-12-14 18:16:20: New file detected (ChangingNatureOfWork.pdf). Original size: 14684160 --- Zipped size: 14421506 --- Compression: 1.7800%
2019-12-14 18:18:47: New file detected (ChangingNatureOfWork.pdf). Original size: 17932134 --- Zipped size: 17628746 --- Compression: 1.6900%
2019-12-14 18:21:03: New file detected (ChangingNatureOfWork.pdf). Original size: 17932134 --- Zipped size: 17628746 --- Compression: 1.6900%
2019-12-14 18:25:03: New file detected (MasterThesis-FlorianAkosSzabo.pdf). Original size: 2268441 --- Zipped size: 2066866 --- Compression: 8.8800%
2019-12-14 18:26:43: New file detected (big.txt). Original size: 6488666 --- Zipped size: 2372133 --- Compression: 63.4400%
2019-12-14 18:31:15: New file detected (ChangingNatureOfWork.pdf). Original size: 17932134 --- Zipped size: 17628746 --- Compression: 1.6900%
2019-12-14 18:37:18: New file detected (DSC_6312.jpg). Original size: 14251687 --- Zipped size: 14218664 --- Compression: .2300%
2019-12-14 18:37:41: New file detected (DSC_6312.jpg). Original size: 14251687 --- Zipped size: 14218664 --- Compression: .2300%
2019-12-14 18:38:46: New file detected (DSC_6312.jpg.gz). Original size: 14218664 --- Zipped size: 14220588 --- Compression: -.0100%
2019-12-14 18:43:28: New file detected (README.md). Original size: 5925 --- Zipped size: 2558 --- Compression: 56.8200%
2019-12-14 18:43:50: New file detected (ChangingNatureOfWork.pdf). Original size: 17932134 --- Zipped size: 17628746 --- Compression: 1.6900%
